<?xml version="1.0" encoding="UTF-8"?>
<testng-results ignored="0" total="6" passed="6" failed="0" skipped="0">
  <reporter-output>
    <line>
      <![CDATA[Executing Test 1]]>
    </line>
    <line>
      <![CDATA[Executing Test 2]]>
    </line>
    <line>
      <![CDATA[Executing Test 3]]>
    </line>
    <line>
      <![CDATA[Executing Test 4]]>
    </line>
    <line>
      <![CDATA[Executing Test 5]]>
    </line>
    <line>
      <![CDATA[Executing Test 6]]>
    </line>
  </reporter-output>
  <suite started-at="2023-06-08T12:36:16 EDT" name="Resolver Suite" finished-at="2023-06-08T12:36:28 EDT" duration-ms="11901">
    <groups>
    </groups>
    <test started-at="2023-06-08T12:36:16 EDT" name="Resolver Test" finished-at="2023-06-08T12:36:28 EDT" duration-ms="11901">
      <class name="com.resolver.app.ResolverTest">
        <test-method is-config="true" signature="setUp()[pri:0, instance:com.resolver.app.ResolverTest@58c1c010]" started-at="2023-06-08T12:36:16 EDT" name="setUp" finished-at="2023-06-08T12:36:19 EDT" duration-ms="2156" status="PASS">
          <reporter-output>
          </reporter-output>
        </test-method> <!-- setUp -->
        <test-method is-config="true" signature="openPage()[pri:0, instance:com.resolver.app.ResolverTest@58c1c010]" started-at="2023-06-08T12:36:19 EDT" name="openPage" finished-at="2023-06-08T12:36:19 EDT" duration-ms="728" status="PASS">
          <reporter-output>
          </reporter-output>
        </test-method> <!-- openPage -->
        <test-method signature="test1_SampleLogin()[pri:0, instance:com.resolver.app.ResolverTest@58c1c010]" started-at="2023-06-08T12:36:19 EDT" name="test1_SampleLogin" finished-at="2023-06-08T12:36:19 EDT" duration-ms="177" status="PASS">
          <reporter-output>
            <line>
              <![CDATA[Executing Test 1]]>
            </line>
          </reporter-output>
        </test-method> <!-- test1_SampleLogin -->
        <test-method is-config="true" signature="openPage()[pri:0, instance:com.resolver.app.ResolverTest@58c1c010]" started-at="2023-06-08T12:36:19 EDT" name="openPage" finished-at="2023-06-08T12:36:19 EDT" duration-ms="25" status="PASS">
          <reporter-output>
          </reporter-output>
        </test-method> <!-- openPage -->
        <test-method signature="test2_ListItems()[pri:0, instance:com.resolver.app.ResolverTest@58c1c010]" started-at="2023-06-08T12:36:19 EDT" name="test2_ListItems" finished-at="2023-06-08T12:36:20 EDT" duration-ms="26" status="PASS">
          <reporter-output>
            <line>
              <![CDATA[Executing Test 2]]>
            </line>
          </reporter-output>
        </test-method> <!-- test2_ListItems -->
        <test-method is-config="true" signature="openPage()[pri:0, instance:com.resolver.app.ResolverTest@58c1c010]" started-at="2023-06-08T12:36:20 EDT" name="openPage" finished-at="2023-06-08T12:36:20 EDT" duration-ms="19" status="PASS">
          <reporter-output>
          </reporter-output>
        </test-method> <!-- openPage -->
        <test-method signature="test3_dropDown()[pri:0, instance:com.resolver.app.ResolverTest@58c1c010]" started-at="2023-06-08T12:36:20 EDT" name="test3_dropDown" finished-at="2023-06-08T12:36:20 EDT" duration-ms="65" status="PASS">
          <reporter-output>
            <line>
              <![CDATA[Executing Test 3]]>
            </line>
          </reporter-output>
        </test-method> <!-- test3_dropDown -->
        <test-method is-config="true" signature="openPage()[pri:0, instance:com.resolver.app.ResolverTest@58c1c010]" started-at="2023-06-08T12:36:20 EDT" name="openPage" finished-at="2023-06-08T12:36:20 EDT" duration-ms="19" status="PASS">
          <reporter-output>
          </reporter-output>
        </test-method> <!-- openPage -->
        <test-method signature="test4_EnabledDisabledButton()[pri:0, instance:com.resolver.app.ResolverTest@58c1c010]" started-at="2023-06-08T12:36:20 EDT" name="test4_EnabledDisabledButton" finished-at="2023-06-08T12:36:20 EDT" duration-ms="17" status="PASS">
          <reporter-output>
            <line>
              <![CDATA[Executing Test 4]]>
            </line>
          </reporter-output>
        </test-method> <!-- test4_EnabledDisabledButton -->
        <test-method is-config="true" signature="openPage()[pri:0, instance:com.resolver.app.ResolverTest@58c1c010]" started-at="2023-06-08T12:36:20 EDT" name="openPage" finished-at="2023-06-08T12:36:20 EDT" duration-ms="26" status="PASS">
          <reporter-output>
          </reporter-output>
        </test-method> <!-- openPage -->
        <test-method signature="test5_WaitForButton()[pri:0, instance:com.resolver.app.ResolverTest@58c1c010]" started-at="2023-06-08T12:36:20 EDT" name="test5_WaitForButton" finished-at="2023-06-08T12:36:28 EDT" duration-ms="8479" status="PASS">
          <reporter-output>
            <line>
              <![CDATA[Executing Test 5]]>
            </line>
          </reporter-output>
        </test-method> <!-- test5_WaitForButton -->
        <test-method is-config="true" signature="openPage()[pri:0, instance:com.resolver.app.ResolverTest@58c1c010]" started-at="2023-06-08T12:36:28 EDT" name="openPage" finished-at="2023-06-08T12:36:28 EDT" duration-ms="17" status="PASS">
          <reporter-output>
          </reporter-output>
        </test-method> <!-- openPage -->
        <test-method signature="test6_ValueInGrid(int,int,java.lang.String)[pri:0, instance:com.resolver.app.ResolverTest@58c1c010]" started-at="2023-06-08T12:36:28 EDT" name="test6_ValueInGrid" data-provider="coordinatesAndValues" finished-at="2023-06-08T12:36:28 EDT" duration-ms="14" status="PASS">
          <params>
            <param index="0">
              <value>
                <![CDATA[2]]>
              </value>
            </param>
            <param index="1">
              <value>
                <![CDATA[2]]>
              </value>
            </param>
            <param index="2">
              <value>
                <![CDATA[Ventosanzap]]>
              </value>
            </param>
          </params>
          <reporter-output>
            <line>
              <![CDATA[Executing Test 6]]>
            </line>
          </reporter-output>
        </test-method> <!-- test6_ValueInGrid -->
        <test-method is-config="true" signature="cleanUp()[pri:0, instance:com.resolver.app.ResolverTest@58c1c010]" started-at="2023-06-08T12:36:28 EDT" name="cleanUp" finished-at="2023-06-08T12:36:28 EDT" duration-ms="112" status="PASS">
          <reporter-output>
          </reporter-output>
        </test-method> <!-- cleanUp -->
      </class> <!-- com.resolver.app.ResolverTest -->
    </test> <!-- Resolver Test -->
  </suite> <!-- Resolver Suite -->
</testng-results>
