<?xml version="1.0" encoding="UTF-8"?>
<!-- Generated by org.testng.reporters.JUnitXMLReporter -->
<testsuite ignored="0" hostname="Sureshs-Air.lan" failures="0" tests="6" name="Resolver Test" time="11.901" errors="0" timestamp="2023-06-08T12:36:28 EDT">
  <testcase classname="com.resolver.app.ResolverTest" name="test1_SampleLogin" time="0.177"/>
  <testcase classname="com.resolver.app.ResolverTest" name="test2_ListItems" time="0.026"/>
  <testcase classname="com.resolver.app.ResolverTest" name="test3_dropDown" time="0.065"/>
  <testcase classname="com.resolver.app.ResolverTest" name="test4_EnabledDisabledButton" time="0.017"/>
  <testcase classname="com.resolver.app.ResolverTest" name="test5_WaitForButton" time="8.479"/>
  <testcase classname="com.resolver.app.ResolverTest" name="test6_ValueInGrid" time="0.014"/>
</testsuite> <!-- Resolver Test -->
